MyViewAndViews/app/build/intermediates/manifest_merge_blame_file/debug/manifest-merger-blame-debug-report.txt
1<?xml version="1.0" encoding="utf-8"?>
2<manifest xmlns:android="http://schemas.android.com/apk/res/android"
3    package="com.example.myviewandviews"
4    android:versionCode="1"
5    android:versionName="1.0" >
6
7    <uses-sdk
8        android:minSdkVersion="21"
8-->src\main\AndroidManifest.xml
9        android:targetSdkVersion="30" />
9-->src\main\AndroidManifest.xml
10
11    <uses-permission android:name="android.permission.REORDER_TASKS" />
11-->[androidx.test:core:1.3.0] AndroidManifest.xml:24:5-72
11-->[androidx.test:core:1.3.0] AndroidManifest.xml:24:22-69
12
13    <application
13-->src\main\AndroidManifest.xml:5:5-19:19
14        android:allowBackup="true"
14-->src\main\AndroidManifest.xml:6:9-35
15        android:appComponentFactory="androidx.core.app.CoreComponentFactory"
15-->[androidx.core:core:1.3.1] AndroidManifest.xml:24:18-86
16        android:debuggable="true"
17        android:icon="@mipmap/ic_launcher"
17-->src\main\AndroidManifest.xml:7:9-43
18        android:label="@string/app_name"
18-->src\main\AndroidManifest.xml:8:9-41
19        android:roundIcon="@mipmap/ic_launcher_round"
19-->src\main\AndroidManifest.xml:9:9-54
20        android:supportsRtl="true"
20-->src\main\AndroidManifest.xml:10:9-35
21        android:testOnly="true"
22        android:theme="@style/AppTheme" >
22-->src\main\AndroidManifest.xml:11:9-40
23        <activity android:name="com.example.myviewandviews.MainActivity" >
23-->src\main\AndroidManifest.xml:12:9-18:20
23-->src\main\AndroidManifest.xml:12:19-47
24            <intent-filter>
24-->src\main\AndroidManifest.xml:13:13-17:29
25                <action android:name="android.intent.action.MAIN" />
25-->src\main\AndroidManifest.xml:14:17-69
25-->src\main\AndroidManifest.xml:14:25-66
26
27                <category android:name="android.intent.category.LAUNCHER" />
27-->src\main\AndroidManifest.xml:16:17-77
27-->src\main\AndroidManifest.xml:16:27-74
28            </intent-filter>
29        </activity>
30        <activity
30-->[androidx.test:core:1.3.0] AndroidManifest.xml:27:9-33:20
31            android:name="androidx.test.core.app.InstrumentationActivityInvoker$BootstrapActivity"
31-->[androidx.test:core:1.3.0] AndroidManifest.xml:28:13-99
32            android:theme="@android:style/Theme" >
32-->[androidx.test:core:1.3.0] AndroidManifest.xml:29:13-49
33            <intent-filter>
33-->[androidx.test:core:1.3.0] AndroidManifest.xml:30:13-32:29
34                <action android:name="android.intent.action.MAIN" />
34-->src\main\AndroidManifest.xml:14:17-69
34-->src\main\AndroidManifest.xml:14:25-66
35            </intent-filter>
36        </activity>
37        <activity
37-->[androidx.test:core:1.3.0] AndroidManifest.xml:34:9-40:20
38            android:name="androidx.test.core.app.InstrumentationActivityInvoker$EmptyActivity"
38-->[androidx.test:core:1.3.0] AndroidManifest.xml:35:13-95
39            android:theme="@android:style/Theme" >
39-->[androidx.test:core:1.3.0] AndroidManifest.xml:36:13-49
40            <intent-filter>
40-->[androidx.test:core:1.3.0] AndroidManifest.xml:30:13-32:29
41                <action android:name="android.intent.action.MAIN" />
41-->src\main\AndroidManifest.xml:14:17-69
41-->src\main\AndroidManifest.xml:14:25-66
42            </intent-filter>
43        </activity>
44        <activity
44-->[androidx.test:core:1.3.0] AndroidManifest.xml:41:9-47:20
45            android:name="androidx.test.core.app.InstrumentationActivityInvoker$EmptyFloatingActivity"
45-->[androidx.test:core:1.3.0] AndroidManifest.xml:42:13-103
46            android:theme="@android:style/Theme.Dialog" >
46-->[androidx.test:core:1.3.0] AndroidManifest.xml:43:13-56
47            <intent-filter>
47-->[androidx.test:core:1.3.0] AndroidManifest.xml:30:13-32:29
48                <action android:name="android.intent.action.MAIN" />
48-->src\main\AndroidManifest.xml:14:17-69
48-->src\main\AndroidManifest.xml:14:25-66
49            </intent-filter>
50        </activity>
51    </application>
52
53</manifest>